-- The C compiler identification is GNU 11.4.0
-- The CXX compiler identification is GNU 11.4.0
-- Detecting C compiler ABI info
-- Detecting C compiler ABI info - done
-- Check for working C compiler: /usr/bin/cc - skipped
-- Detecting C compile features
-- Detecting C compile features - done
-- Detecting CXX compiler ABI info
-- Detecting CXX compiler ABI info - done
-- Check for working CXX compiler: /usr/bin/c++ - skipped
-- Detecting CXX compile features
-- Detecting CXX compile features - done
-- Found ament_cmake: 1.3.7 (/opt/ros/humble/share/ament_cmake/cmake)
-- Found Python3: /usr/bin/python3.10 (found version "3.10.12") found components: Interpreter 
-- Override CMake install command with custom implementation using symlinks instead of copying resources
-- Found rclcpp: 16.0.8 (/opt/ros/humble/share/rclcpp/cmake)
-- Found rosidl_generator_c: 3.1.5 (/opt/ros/humble/share/rosidl_generator_c/cmake)
-- Found rosidl_adapter: 3.1.5 (/opt/ros/humble/share/rosidl_adapter/cmake)
-- Found rosidl_generator_cpp: 3.1.5 (/opt/ros/humble/share/rosidl_generator_cpp/cmake)
-- Using all available rosidl_typesupport_c: rosidl_typesupport_fastrtps_c;rosidl_typesupport_introspection_c
-- Using all available rosidl_typesupport_cpp: rosidl_typesupport_fastrtps_cpp;rosidl_typesupport_introspection_cpp
-- Found rmw_implementation_cmake: 6.1.1 (/opt/ros/humble/share/rmw_implementation_cmake/cmake)
-- Found rmw_fastrtps_cpp: 6.2.6 (/opt/ros/humble/share/rmw_fastrtps_cpp/cmake)
-- Found OpenSSL: /usr/lib/x86_64-linux-gnu/libcrypto.so (found version "3.0.2")  
-- Found FastRTPS: /opt/ros/humble/include  
-- Using RMW implementation 'rmw_fastrtps_cpp' as default
-- Looking for pthread.h
-- Looking for pthread.h - found
-- Performing Test CMAKE_HAVE_LIBC_PTHREAD
-- Performing Test CMAKE_HAVE_LIBC_PTHREAD - Success
-- Found Threads: TRUE  
-- Found rclpy: 3.3.11 (/opt/ros/humble/share/rclpy/cmake)
-- Found rosidl_default_generators: 1.2.0 (/opt/ros/humble/share/rosidl_default_generators/cmake)
-- Found ament_lint_auto: 0.12.10 (/opt/ros/humble/share/ament_lint_auto/cmake)
-- Added test 'flake8' to check Python code syntax and style conventions
-- Added test 'lint_cmake' to check CMake code style
-- Added test 'pep257' to check Python code against some of the docstring style conventions in PEP 257
-- Added test 'xmllint' to check XML markup files
-- Configuring done
-- Generating done
-- Build files have been written to: /home/tolasing/main_ws/ai_ws/build/robber_detect
Built target ament_cmake_python_symlink_robber_detect
running egg_info
creating robber_detect.egg-info
writing robber_detect.egg-info/PKG-INFO
writing dependency_links to robber_detect.egg-info/dependency_links.txt
writing top-level names to robber_detect.egg-info/top_level.txt
writing manifest file 'robber_detect.egg-info/SOURCES.txt'
reading manifest file 'robber_detect.egg-info/SOURCES.txt'
writing manifest file 'robber_detect.egg-info/SOURCES.txt'
Built target ament_cmake_python_build_robber_detect_egg
-- Install configuration: ""
-- Execute custom install script
-- Symlinking: /home/tolasing/main_ws/ai_ws/install/robber_detect/share/robber_detect/scripts/2detect.py
-- Symlinking: /home/tolasing/main_ws/ai_ws/install/robber_detect/share/robber_detect/scripts/__pycache__/cvfpscalc.cpython-310.pyc
-- Symlinking: /home/tolasing/main_ws/ai_ws/install/robber_detect/share/robber_detect/scripts/__pycache__/utils.cpython-310.pyc
-- Symlinking: /home/tolasing/main_ws/ai_ws/install/robber_detect/share/robber_detect/scripts/cvfpscalc.py
-- Symlinking: /home/tolasing/main_ws/ai_ws/install/robber_detect/share/robber_detect/scripts/detect.py
-- Symlinking: /home/tolasing/main_ws/ai_ws/install/robber_detect/share/robber_detect/scripts/navigate_to_charging_dock_v4.py
-- Symlinking: /home/tolasing/main_ws/ai_ws/install/robber_detect/share/robber_detect/scripts/object_broadcast.py
-- Symlinking: /home/tolasing/main_ws/ai_ws/install/robber_detect/share/robber_detect/scripts/robber.tflite
-- Symlinking: /home/tolasing/main_ws/ai_ws/install/robber_detect/share/robber_detect/scripts/robber2.tflite
-- Symlinking: /home/tolasing/main_ws/ai_ws/install/robber_detect/share/robber_detect/scripts/robber3.tflite
-- Symlinking: /home/tolasing/main_ws/ai_ws/install/robber_detect/share/robber_detect/scripts/robber5.tflite
-- Symlinking: /home/tolasing/main_ws/ai_ws/install/robber_detect/share/robber_detect/scripts/robber6.tflite
-- Symlinking: /home/tolasing/main_ws/ai_ws/install/robber_detect/share/robber_detect/scripts/test.py
-- Symlinking: /home/tolasing/main_ws/ai_ws/install/robber_detect/share/robber_detect/scripts/utils.py
-- Symlinking: /home/tolasing/main_ws/ai_ws/install/robber_detect/share/robber_detect/robber_detect/__init__.py
[31mCMake Error at ament_cmake_symlink_install/ament_cmake_symlink_install.cmake:100 (message):
  ament_cmake_symlink_install_directory() can't find
  '/home/tolasing/main_ws/ai_ws/src/robber_detect/launch'
Call Stack (most recent call first):
  ament_cmake_symlink_install/ament_cmake_symlink_install.cmake:314 (ament_cmake_symlink_install_directory)
  cmake_install.cmake:46 (include)

[0m
