Built target ament_cmake_python_symlink_robber_detect
running egg_info
writing robber_detect.egg-info/PKG-INFO
writing dependency_links to robber_detect.egg-info/dependency_links.txt
writing top-level names to robber_detect.egg-info/top_level.txt
reading manifest file 'robber_detect.egg-info/SOURCES.txt'
writing manifest file 'robber_detect.egg-info/SOURCES.txt'
Built target ament_cmake_python_build_robber_detect_egg
-- Install configuration: ""
-- Execute custom install script
-- Up-to-date symlink: /home/tolasing/main_ws/ai_ws/install/robber_detect/share/robber_detect/scripts/2detect.py
-- Up-to-date symlink: /home/tolasing/main_ws/ai_ws/install/robber_detect/share/robber_detect/scripts/__pycache__/cvfpscalc.cpython-310.pyc
-- Up-to-date symlink: /home/tolasing/main_ws/ai_ws/install/robber_detect/share/robber_detect/scripts/__pycache__/utils.cpython-310.pyc
-- Up-to-date symlink: /home/tolasing/main_ws/ai_ws/install/robber_detect/share/robber_detect/scripts/cvfpscalc.py
-- Up-to-date symlink: /home/tolasing/main_ws/ai_ws/install/robber_detect/share/robber_detect/scripts/detect.py
-- Up-to-date symlink: /home/tolasing/main_ws/ai_ws/install/robber_detect/share/robber_detect/scripts/flamethrower.py
-- Up-to-date symlink: /home/tolasing/main_ws/ai_ws/install/robber_detect/share/robber_detect/scripts/nav_2_dock.py
-- Up-to-date symlink: /home/tolasing/main_ws/ai_ws/install/robber_detect/share/robber_detect/scripts/object_broadcast.py
-- Up-to-date symlink: /home/tolasing/main_ws/ai_ws/install/robber_detect/share/robber_detect/scripts/test.py
-- Up-to-date symlink: /home/tolasing/main_ws/ai_ws/install/robber_detect/share/robber_detect/scripts/utils.py
-- Up-to-date symlink: /home/tolasing/main_ws/ai_ws/install/robber_detect/share/robber_detect/robber_detect/__init__.py
-- Symlinking: /home/tolasing/main_ws/ai_ws/install/robber_detect/share/robber_detect/robber_detect/en_US-amy-medium.onnx
-- Symlinking: /home/tolasing/main_ws/ai_ws/install/robber_detect/share/robber_detect/robber_detect/en_US-amy-medium.onnx.json
-- Symlinking: /home/tolasing/main_ws/ai_ws/install/robber_detect/share/robber_detect/robber_detect/en_en_US_amy_medium_MODEL_CARD
-- Up-to-date symlink: /home/tolasing/main_ws/ai_ws/install/robber_detect/share/robber_detect/robber_detect/robber.tflite
-- Up-to-date symlink: /home/tolasing/main_ws/ai_ws/install/robber_detect/share/robber_detect/robber_detect/robber2.tflite
-- Up-to-date symlink: /home/tolasing/main_ws/ai_ws/install/robber_detect/share/robber_detect/robber_detect/robber3.tflite
-- Up-to-date symlink: /home/tolasing/main_ws/ai_ws/install/robber_detect/share/robber_detect/robber_detect/robber5.tflite
-- Up-to-date symlink: /home/tolasing/main_ws/ai_ws/install/robber_detect/share/robber_detect/robber_detect/robber6.tflite
-- Up-to-date symlink: /home/tolasing/main_ws/ai_ws/install/robber_detect/share/robber_detect/robber_detect/voice_.py
-- Symlinking: /home/tolasing/main_ws/ai_ws/install/robber_detect/share/robber_detect/launch/flamethrower.launch.py
-- Up-to-date symlink: /home/tolasing/main_ws/ai_ws/install/robber_detect/share/robber_detect/environment/pythonpath.sh
-- Up-to-date symlink: /home/tolasing/main_ws/ai_ws/install/robber_detect/share/robber_detect/environment/pythonpath.dsv
-- Up-to-date symlink: /home/tolasing/main_ws/ai_ws/install/robber_detect/local/lib/python3.10/dist-packages/robber_detect-0.0.0-py3.10.egg-info/PKG-INFO
-- Up-to-date symlink: /home/tolasing/main_ws/ai_ws/install/robber_detect/local/lib/python3.10/dist-packages/robber_detect-0.0.0-py3.10.egg-info/SOURCES.txt
-- Up-to-date symlink: /home/tolasing/main_ws/ai_ws/install/robber_detect/local/lib/python3.10/dist-packages/robber_detect-0.0.0-py3.10.egg-info/dependency_links.txt
-- Up-to-date symlink: /home/tolasing/main_ws/ai_ws/install/robber_detect/local/lib/python3.10/dist-packages/robber_detect-0.0.0-py3.10.egg-info/top_level.txt
-- Up-to-date symlink: /home/tolasing/main_ws/ai_ws/install/robber_detect/local/lib/python3.10/dist-packages/robber_detect/__init__.py
-- Symlinking: /home/tolasing/main_ws/ai_ws/install/robber_detect/local/lib/python3.10/dist-packages/robber_detect/en_US-amy-medium.onnx
-- Symlinking: /home/tolasing/main_ws/ai_ws/install/robber_detect/local/lib/python3.10/dist-packages/robber_detect/en_US-amy-medium.onnx.json
-- Symlinking: /home/tolasing/main_ws/ai_ws/install/robber_detect/local/lib/python3.10/dist-packages/robber_detect/en_en_US_amy_medium_MODEL_CARD
-- Up-to-date symlink: /home/tolasing/main_ws/ai_ws/install/robber_detect/local/lib/python3.10/dist-packages/robber_detect/robber.tflite
-- Up-to-date symlink: /home/tolasing/main_ws/ai_ws/install/robber_detect/local/lib/python3.10/dist-packages/robber_detect/robber2.tflite
-- Up-to-date symlink: /home/tolasing/main_ws/ai_ws/install/robber_detect/local/lib/python3.10/dist-packages/robber_detect/robber3.tflite
-- Up-to-date symlink: /home/tolasing/main_ws/ai_ws/install/robber_detect/local/lib/python3.10/dist-packages/robber_detect/robber5.tflite
-- Up-to-date symlink: /home/tolasing/main_ws/ai_ws/install/robber_detect/local/lib/python3.10/dist-packages/robber_detect/robber6.tflite
-- Up-to-date symlink: /home/tolasing/main_ws/ai_ws/install/robber_detect/local/lib/python3.10/dist-packages/robber_detect/voice_.py
-- Up-to-date symlink: /home/tolasing/main_ws/ai_ws/install/robber_detect/lib/robber_detect/2detect.py
-- Up-to-date symlink: /home/tolasing/main_ws/ai_ws/install/robber_detect/lib/robber_detect/flamethrower.py
-- Up-to-date symlink: /home/tolasing/main_ws/ai_ws/install/robber_detect/share/ament_index/resource_index/package_run_dependencies/robber_detect
-- Up-to-date symlink: /home/tolasing/main_ws/ai_ws/install/robber_detect/share/ament_index/resource_index/parent_prefix_path/robber_detect
-- Up-to-date symlink: /home/tolasing/main_ws/ai_ws/install/robber_detect/share/robber_detect/environment/ament_prefix_path.sh
-- Up-to-date symlink: /home/tolasing/main_ws/ai_ws/install/robber_detect/share/robber_detect/environment/ament_prefix_path.dsv
-- Up-to-date symlink: /home/tolasing/main_ws/ai_ws/install/robber_detect/share/robber_detect/environment/path.sh
-- Up-to-date symlink: /home/tolasing/main_ws/ai_ws/install/robber_detect/share/robber_detect/environment/path.dsv
-- Up-to-date symlink: /home/tolasing/main_ws/ai_ws/install/robber_detect/share/robber_detect/local_setup.bash
-- Up-to-date symlink: /home/tolasing/main_ws/ai_ws/install/robber_detect/share/robber_detect/local_setup.sh
-- Up-to-date symlink: /home/tolasing/main_ws/ai_ws/install/robber_detect/share/robber_detect/local_setup.zsh
-- Up-to-date symlink: /home/tolasing/main_ws/ai_ws/install/robber_detect/share/robber_detect/local_setup.dsv
-- Symlinking: /home/tolasing/main_ws/ai_ws/install/robber_detect/share/robber_detect/package.dsv
-- Up-to-date symlink: /home/tolasing/main_ws/ai_ws/install/robber_detect/share/ament_index/resource_index/packages/robber_detect
-- Up-to-date symlink: /home/tolasing/main_ws/ai_ws/install/robber_detect/share/robber_detect/cmake/robber_detectConfig.cmake
-- Up-to-date symlink: /home/tolasing/main_ws/ai_ws/install/robber_detect/share/robber_detect/cmake/robber_detectConfig-version.cmake
-- Up-to-date symlink: /home/tolasing/main_ws/ai_ws/install/robber_detect/share/robber_detect/package.xml
Listing '/home/tolasing/main_ws/ai_ws/install/robber_detect/local/lib/python3.10/dist-packages/robber_detect'...
